<?xml version="1.0" encoding="UTF-8"?>
<!-- Generated by org.testng.reporters.JUnitReportReporter -->
<testsuite hostname="ASKComputers-PC" name="com.testng.demo.TestNgClass2" tests="2" failures="0" timestamp="14 Sep 2016 18:11:59 GMT" time="0.004" errors="0">
  <testcase name="testClass2Method1" time="0.002" classname="com.testng.demo.TestNgClass2"/>
  <testcase name="testClass2Method2" time="0.002" classname="com.testng.demo.TestNgClass2"/>
</testsuite> <!-- com.testng.demo.TestNgClass2 -->
